<?xml version="1.0" encoding="UTF-8"?>
<testsuite xmlns:xsi="http://www.w3.org/2001/XMLSchema-instance" xsi:noNamespaceSchemaLocation="https://maven.apache.org/surefire/maven-surefire-plugin/xsd/surefire-test-report-3.0.xsd" version="3.0" name="ie.gmit.CalculatorTest" time="0.22" tests="11" errors="0" skipped="0" failures="0">
  <properties>
[...]
</properties>
  <testcase name="testDivideByZero" classname="ie.gmit.CalculatorTest" time="0.084"/>
  <testcase name="testAdd" classname="ie.gmit.CalculatorTest" time="0.005"/>
  <testcase name="testSubtract" classname="ie.gmit.CalculatorTest" time="0.002"/>
  <testcase name="testParametricConstructor" classname="ie.gmit.CalculatorTest" time="0.002"/>
  <testcase name="testSetResult" classname="ie.gmit.CalculatorTest" time="0.002"/>
  <testcase name="testDivide" classname="ie.gmit.CalculatorTest" time="0.005"/>
  <testcase name="testMultiply" classname="ie.gmit.CalculatorTest" time="0.002"/>
  <testcase name="testSetVal1" classname="ie.gmit.CalculatorTest" time="0.013"/>
  <testcase name="testSetVal2" classname="ie.gmit.CalculatorTest" time="0.004"/>
  <testcase name="testConstructor" classname="ie.gmit.CalculatorTest" time="0.001"/>
  <testcase name="testSetCount" classname="ie.gmit.CalculatorTest" time="0.007"/>
</testsuite>